nohup: ignoring input
[LightGBM] [Info] Finished loading parameters
[LightGBM] [Info] Warning: last line of mlist8.txt has no end of line, still using this line
[LightGBM] [Info] Trying to bind port 12400...
[LightGBM] [Info] Binding port 12400 succeeded
[LightGBM] [Info] Listening...
[LightGBM] [Warning] Connecting to rank 7 failed, waiting for 200 milliseconds
[LightGBM] [Warning] Connecting to rank 7 failed, waiting for 260 milliseconds
[LightGBM] [Warning] Connecting to rank 7 failed, waiting for 338 milliseconds
[LightGBM] [Warning] Connecting to rank 7 failed, waiting for 439 milliseconds
[LightGBM] [Warning] Connecting to rank 7 failed, waiting for 570 milliseconds
[LightGBM] [Warning] Connecting to rank 7 failed, waiting for 741 milliseconds
[LightGBM] [Warning] Connecting to rank 7 failed, waiting for 963 milliseconds
[LightGBM] [Warning] Connecting to rank 7 failed, waiting for 1251 milliseconds
[LightGBM] [Warning] Connecting to rank 7 failed, waiting for 1626 milliseconds
[LightGBM] [Warning] Connecting to rank 7 failed, waiting for 2113 milliseconds
[LightGBM] [Warning] Connecting to rank 7 failed, waiting for 2746 milliseconds
[LightGBM] [Warning] Connecting to rank 7 failed, waiting for 3569 milliseconds
[LightGBM] [Warning] Connecting to rank 7 failed, waiting for 4639 milliseconds
[LightGBM] [Warning] Connecting to rank 7 failed, waiting for 6030 milliseconds
[LightGBM] [Warning] Connecting to rank 7 failed, waiting for 7838 milliseconds
[LightGBM] [Warning] Connecting to rank 7 failed, waiting for 10189 milliseconds
[LightGBM] [Info] Connected to rank 1
[LightGBM] [Info] Connected to rank 2
[LightGBM] [Info] Connected to rank 3
[LightGBM] [Info] Connected to rank 4
[LightGBM] [Info] Connected to rank 5
[LightGBM] [Info] Connected to rank 6
[LightGBM] [Info] Connected to rank 7
[LightGBM] [Info] Local rank: 0, total number of machines: 8
[LightGBM] [Info] Finished initializing network
[LightGBM] [Debug] Loading train file...
[LightGBM] [Debug] Read 10.0 GBs from epsilon20X.train.
[LightGBM] [Debug] Read 20.0 GBs from epsilon20X.train.
[LightGBM] [Debug] Read 30.0 GBs from epsilon20X.train.
[LightGBM] [Debug] Read 40.0 GBs from epsilon20X.train.
[LightGBM] [Debug] Read 50.0 GBs from epsilon20X.train.
[LightGBM] [Debug] Read 60.0 GBs from epsilon20X.train.
[LightGBM] [Debug] Read 70.0 GBs from epsilon20X.train.
[LightGBM] [Debug] Read 80.0 GBs from epsilon20X.train.
[LightGBM] [Debug] Read 90.0 GBs from epsilon20X.train.
[LightGBM] [Debug] Read 100.0 GBs from epsilon20X.train.
[LightGBM] [Debug] Read 110.0 GBs from epsilon20X.train.
[LightGBM] [Debug] Read 120.0 GBs from epsilon20X.train.
